INFO: System started successfully
INFO: Loading configuration from /etc/app/config.conf
WARNING: Config file missing optional key 'timeout', using default value 30
INFO: Database connection established
ERROR: Failed to connect to remote logging server at 192.168.1.50
INFO: Retrying connection...
ERROR: Retry failed — remote logging server unreachable
INFO: Falling back to local logging mode
INFO: User 'admin' logged in from 10.0.0.5
INFO: Processing job queue — 5 tasks pending
WARNING: Disk usage at /var/log is above 80%
INFO: Task 1 completed successfully
INFO: Task 2 completed successfully
ERROR: Task 3 failed — permission denied on /var/data/output.csv
INFO: Task 4 completed successfully
WARNING: Task 5 skipped — input file not found
INFO: Job queue processed. 3 succeeded, 1 failed, 1 skipped.
ERROR: Scheduled backup did not run — cron service not responding
INFO: System health check complete
INFO: Shutting down gracefully
